2026-04-16 18:19:03.574 MSK [19080] LOG:  starting PostgreSQL 18.3 on x86_64-windows, compiled by msvc-19.44.35222, 64-bit
2026-04-16 18:19:03.582 MSK [19080] LOG:  listening on IPv6 address "::1", port 5433
2026-04-16 18:19:03.585 MSK [19080] LOG:  listening on IPv4 address "127.0.0.1", port 5433
2026-04-16 18:19:03.696 MSK [30940] LOG:  database system was interrupted; last known up at 2026-04-16 18:18:32 MSK
2026-04-16 18:19:03.972 MSK [30940] LOG:  database system was not properly shut down; automatic recovery in progress
2026-04-16 18:19:03.978 MSK [30940] LOG:  redo starts at 0/21400C0
2026-04-16 18:19:03.979 MSK [30940] LOG:  invalid record length at 0/21430E0: expected at least 24, got 0
2026-04-16 18:19:03.979 MSK [30940] LOG:  redo done at 0/2141318 system usage: CPU: user: 0.00 s, system: 0.00 s, elapsed: 0.00 s
2026-04-16 18:19:03.985 MSK [19728] LOG:  checkpoint starting: end-of-recovery immediate wait
2026-04-16 18:19:03.995 MSK [19728] LOG:  checkpoint complete: wrote 2 buffers (0.0%), wrote 2 SLRU buffers; 0 WAL file(s) added, 0 removed, 0 recycled; write=0.003 s, sync=0.003 s, total=0.012 s; sync files=5, longest=0.001 s, average=0.001 s; distance=12 kB, estimate=12 kB; lsn=0/21430E0, redo lsn=0/21430E0
2026-04-16 18:19:04.003 MSK [19080] LOG:  database system is ready to accept connections
2026-04-16 18:23:30.276 MSK [29916] LOG:  could not receive data from client: An existing connection was forcibly closed by the remote host.
	
2026-04-16 18:23:30.276 MSK [22772] LOG:  could not receive data from client: An existing connection was forcibly closed by the remote host.
	
2026-04-16 18:23:30.277 MSK [3068] LOG:  could not receive data from client: An existing connection was forcibly closed by the remote host.
	
2026-04-16 18:23:30.277 MSK [31928] LOG:  could not receive data from client: An existing connection was forcibly closed by the remote host.
	
2026-04-16 18:23:30.280 MSK [6084] LOG:  could not receive data from client: An existing connection was forcibly closed by the remote host.
	
2026-04-16 18:23:30.280 MSK [24596] LOG:  could not receive data from client: An existing connection was forcibly closed by the remote host.
	
2026-04-16 18:23:30.280 MSK [27500] LOG:  could not receive data from client: An existing connection was forcibly closed by the remote host.
	
2026-04-16 18:24:03.990 MSK [19728] LOG:  checkpoint starting: time
2026-04-16 18:24:04.119 MSK [19728] LOG:  checkpoint complete: wrote 1 buffers (0.0%), wrote 1 SLRU buffers; 0 WAL file(s) added, 0 removed, 0 recycled; write=0.098 s, sync=0.012 s, total=0.130 s; sync files=2, longest=0.010 s, average=0.006 s; distance=5 kB, estimate=11 kB; lsn=0/2144660, redo lsn=0/2144608
