
> student-working-app@0.1.0 start
> node ../scripts/run-studentworking-with-db.mjs build && node ../scripts/run-studentworking-with-db.mjs start

Starting local PostgreSQL on localhost:5433...
Applying Prisma schema...

> student-working-app@0.1.0 db:push
> prisma db push --skip-generate

warn The configuration property `package.json#prisma` is deprecated and will be removed in Prisma 7. Please migrate to a Prisma config file (e.g., `prisma.config.ts`).
For more information, see: https://pris.ly/prisma-config

Environment variables loaded from .env
Prisma schema loaded from prisma\schema.prisma
Datasource "db": PostgreSQL database "student_working", schema "public" at "localhost:5433"

The database is already in sync with the Prisma schema.

Local database already contains 15 user(s); seed skipped.

> student-working-app@0.1.0 build:app
> next build

▲ Next.js 16.2.3 (Turbopack)
- Environments: .env

  Creating an optimized production build ...
✓ Compiled successfully in 7.9s
  Running TypeScript ...
  Finished TypeScript in 11.2s ...
  Collecting page data using 15 workers ...
  Generating static pages using 15 workers (0/25) ...
  Generating static pages using 15 workers (6/25) 
  Generating static pages using 15 workers (12/25) 
  Generating static pages using 15 workers (18/25) 
✓ Generating static pages using 15 workers (25/25) in 932ms
  Finalizing page optimization ...

Route (app)
┌ ƒ /
├ ƒ /_not-found
├ ƒ /admin
├ ƒ /admin/audit
├ ƒ /admin/groups
├ ƒ /admin/imports
├ ƒ /admin/imports/[importId]
├ ƒ /admin/settings
├ ƒ /admin/students
├ ƒ /api/auth/[...nextauth]
├ ○ /icon
├ ƒ /login
├ ƒ /manager
├ ƒ /manager/attendance
├ ƒ /manager/attendance/[lessonPairId]
├ ƒ /manager/duties
├ ƒ /manager/log
├ ƒ /manager/schedule
├ ƒ /manager/statistics
├ ○ /manifest.webmanifest
├ ƒ /student
├ ƒ /student/absences
├ ƒ /student/bookings
├ ƒ /student/statistics
├ ƒ /teacher
└ ƒ /teacher/evaluations


ƒ Proxy (Middleware)

○  (Static)   prerendered as static content
ƒ  (Dynamic)  server-rendered on demand

Stopping local PostgreSQL...
Starting local PostgreSQL on localhost:5433...
Applying Prisma schema...

> student-working-app@0.1.0 db:push
> prisma db push --skip-generate

warn The configuration property `package.json#prisma` is deprecated and will be removed in Prisma 7. Please migrate to a Prisma config file (e.g., `prisma.config.ts`).
For more information, see: https://pris.ly/prisma-config

Environment variables loaded from .env
Prisma schema loaded from prisma\schema.prisma
Datasource "db": PostgreSQL database "student_working", schema "public" at "localhost:5433"

The database is already in sync with the Prisma schema.

Local database already contains 15 user(s); seed skipped.

> student-working-app@0.1.0 start:app
> next start

▲ Next.js 16.2.3
- Local:         http://localhost:3001
- Network:       http://172.16.0.1:3001
✓ Ready in 433ms
